debug: Wed, 06 Oct 2021 03:28:31 GMT
debug: Project: /Users/apple/Develop/cocos-creator/NewProject
debug: Targets: editor,preview
debug: Incremental file seems great.
debug: Engine path: /Applications/CocosCreator/Creator/3.3.1/CocosCreator.app/Contents/Resources/resources/3d/engine
debug: Initializing target [Editor]
debug: Loading cache
debug: Loading cache costs 6.95490100979805ms.
debug: Engine features shipped in editor: base,gfx-webgl,gfx-webgl2,3d,2d,ui,particle,particle-2d,physics-framework,physics-2d-framework,intersection-2d,primitive,profiler,audio,video,terrain,webview,tween,tiled-map,spine,dragon-bones
debug: Initializing target [Preview]
debug: Loading cache
debug: Loading cache costs 6.467482998967171ms.
debug: Sync engine features: base,gfx-webgl,gfx-webgl2,3d,2d,ui,particle,physics-ammo,physics-2d-box2d,intersection-2d,primitive,profiler,particle-2d,audio,video,webview,tween,terrain,tiled-map,spine,dragon-bones
debug: Pulling asset-db.
debug: Fetch asset-db cost: 18.5377209931612ms.
debug: Build iteration starts.
Number of accumulated asset changes: 1
Feature changed: false
debug: Target(editor) build started.
debug: Detected change: cce:/internal/x/cc. Last mtime: Thu Jan 01 1970 08:00:14 GMT+0800 (中国标准时间), Current mtime: Thu Jan 01 1970 08:00:29 GMT+0800 (中国标准时间)
debug: Inspect cce:/internal/x/cc
debug: Resolve cce:/internal/x/cc-fu/base from cce:/internal/x/cc as external dependency cce:/internal/x/cc-fu/base.
debug: Resolve cce:/internal/x/cc-fu/gfx-webgl from cce:/internal/x/cc as external dependency cce:/internal/x/cc-fu/gfx-webgl.
debug: Resolve cce:/internal/x/cc-fu/gfx-webgl2 from cce:/internal/x/cc as external dependency cce:/internal/x/cc-fu/gfx-webgl2.
debug: Resolve cce:/internal/x/cc-fu/3d from cce:/internal/x/cc as external dependency cce:/internal/x/cc-fu/3d.
debug: Resolve cce:/internal/x/cc-fu/2d from cce:/internal/x/cc as external dependency cce:/internal/x/cc-fu/2d.
debug: Resolve cce:/internal/x/cc-fu/ui from cce:/internal/x/cc as external dependency cce:/internal/x/cc-fu/ui.
debug: Resolve cce:/internal/x/cc-fu/particle from cce:/internal/x/cc as external dependency cce:/internal/x/cc-fu/particle.
debug: Resolve cce:/internal/x/cc-fu/particle-2d from cce:/internal/x/cc as external dependency cce:/internal/x/cc-fu/particle-2d.
debug: Resolve cce:/internal/x/cc-fu/physics-framework from cce:/internal/x/cc as external dependency cce:/internal/x/cc-fu/physics-framework.
debug: Resolve cce:/internal/x/cc-fu/physics-2d-framework from cce:/internal/x/cc as external dependency cce:/internal/x/cc-fu/physics-2d-framework.
debug: Resolve cce:/internal/x/cc-fu/intersection-2d from cce:/internal/x/cc as external dependency cce:/internal/x/cc-fu/intersection-2d.
debug: Resolve cce:/internal/x/cc-fu/primitive from cce:/internal/x/cc as external dependency cce:/internal/x/cc-fu/primitive.
debug: Resolve cce:/internal/x/cc-fu/profiler from cce:/internal/x/cc as external dependency cce:/internal/x/cc-fu/profiler.
debug: Resolve cce:/internal/x/cc-fu/audio from cce:/internal/x/cc as external dependency cce:/internal/x/cc-fu/audio.
debug: Resolve cce:/internal/x/cc-fu/video from cce:/internal/x/cc as external dependency cce:/internal/x/cc-fu/video.
debug: Resolve cce:/internal/x/cc-fu/terrain from cce:/internal/x/cc as external dependency cce:/internal/x/cc-fu/terrain.
debug: Resolve cce:/internal/x/cc-fu/webview from cce:/internal/x/cc as external dependency cce:/internal/x/cc-fu/webview.
debug: Resolve cce:/internal/x/cc-fu/tween from cce:/internal/x/cc as external dependency cce:/internal/x/cc-fu/tween.
debug: Resolve cce:/internal/x/cc-fu/tiled-map from cce:/internal/x/cc as external dependency cce:/internal/x/cc-fu/tiled-map.
debug: Resolve cce:/internal/x/cc-fu/spine from cce:/internal/x/cc as external dependency cce:/internal/x/cc-fu/spine.
debug: Resolve cce:/internal/x/cc-fu/dragon-bones from cce:/internal/x/cc as external dependency cce:/internal/x/cc-fu/dragon-bones.
debug: Detected change: cce:/internal/x/prerequisite-imports. Last mtime: Thu Jan 01 1970 08:00:56 GMT+0800 (中国标准时间), Current mtime: Thu Jan 01 1970 08:01:14 GMT+0800 (中国标准时间)
debug: Inspect cce:/internal/x/prerequisite-imports
debug: Resolve file:///Users/apple/Develop/cocos-creator/NewProject/assets/TestButton.ts from cce:/internal/x/prerequisite-imports as file:///Users/apple/Develop/cocos-creator/NewProject/assets/TestButton.ts.
debug: Target(editor) ends with cost 248.54934398829937ms.
debug: Target(preview) build started.
debug: Detected change: cce:/internal/x/cc. Last mtime: Thu Jan 01 1970 08:00:14 GMT+0800 (中国标准时间), Current mtime: Thu Jan 01 1970 08:00:29 GMT+0800 (中国标准时间)
debug: Inspect cce:/internal/x/cc
debug: Resolve cce:/internal/x/cc-fu/base from cce:/internal/x/cc as external dependency cce:/internal/x/cc-fu/base.
debug: Resolve cce:/internal/x/cc-fu/gfx-webgl from cce:/internal/x/cc as external dependency cce:/internal/x/cc-fu/gfx-webgl.
debug: Resolve cce:/internal/x/cc-fu/gfx-webgl2 from cce:/internal/x/cc as external dependency cce:/internal/x/cc-fu/gfx-webgl2.
debug: Resolve cce:/internal/x/cc-fu/3d from cce:/internal/x/cc as external dependency cce:/internal/x/cc-fu/3d.
debug: Resolve cce:/internal/x/cc-fu/2d from cce:/internal/x/cc as external dependency cce:/internal/x/cc-fu/2d.
debug: Resolve cce:/internal/x/cc-fu/ui from cce:/internal/x/cc as external dependency cce:/internal/x/cc-fu/ui.
debug: Resolve cce:/internal/x/cc-fu/particle from cce:/internal/x/cc as external dependency cce:/internal/x/cc-fu/particle.
debug: Resolve cce:/internal/x/cc-fu/physics-ammo from cce:/internal/x/cc as external dependency cce:/internal/x/cc-fu/physics-ammo.
debug: Resolve cce:/internal/x/cc-fu/physics-framework from cce:/internal/x/cc as external dependency cce:/internal/x/cc-fu/physics-framework.
debug: Resolve cce:/internal/x/cc-fu/wait-for-ammo-instantiation from cce:/internal/x/cc as external dependency cce:/internal/x/cc-fu/wait-for-ammo-instantiation.
debug: Resolve cce:/internal/x/cc-fu/physics-2d-box2d from cce:/internal/x/cc as external dependency cce:/internal/x/cc-fu/physics-2d-box2d.
debug: Resolve cce:/internal/x/cc-fu/physics-2d-framework from cce:/internal/x/cc as external dependency cce:/internal/x/cc-fu/physics-2d-framework.
debug: Resolve cce:/internal/x/cc-fu/intersection-2d from cce:/internal/x/cc as external dependency cce:/internal/x/cc-fu/intersection-2d.
debug: Resolve cce:/internal/x/cc-fu/primitive from cce:/internal/x/cc as external dependency cce:/internal/x/cc-fu/primitive.
debug: Resolve cce:/internal/x/cc-fu/profiler from cce:/internal/x/cc as external dependency cce:/internal/x/cc-fu/profiler.
debug: Resolve cce:/internal/x/cc-fu/particle-2d from cce:/internal/x/cc as external dependency cce:/internal/x/cc-fu/particle-2d.
debug: Resolve cce:/internal/x/cc-fu/audio from cce:/internal/x/cc as external dependency cce:/internal/x/cc-fu/audio.
debug: Resolve cce:/internal/x/cc-fu/video from cce:/internal/x/cc as external dependency cce:/internal/x/cc-fu/video.
debug: Resolve cce:/internal/x/cc-fu/webview from cce:/internal/x/cc as external dependency cce:/internal/x/cc-fu/webview.
debug: Resolve cce:/internal/x/cc-fu/tween from cce:/internal/x/cc as external dependency cce:/internal/x/cc-fu/tween.
debug: Resolve cce:/internal/x/cc-fu/terrain from cce:/internal/x/cc as external dependency cce:/internal/x/cc-fu/terrain.
debug: Resolve cce:/internal/x/cc-fu/tiled-map from cce:/internal/x/cc as external dependency cce:/internal/x/cc-fu/tiled-map.
debug: Resolve cce:/internal/x/cc-fu/spine from cce:/internal/x/cc as external dependency cce:/internal/x/cc-fu/spine.
debug: Resolve cce:/internal/x/cc-fu/dragon-bones from cce:/internal/x/cc as external dependency cce:/internal/x/cc-fu/dragon-bones.
debug: Detected change: cce:/internal/x/prerequisite-imports. Last mtime: Thu Jan 01 1970 08:00:57 GMT+0800 (中国标准时间), Current mtime: Thu Jan 01 1970 08:01:14 GMT+0800 (中国标准时间)
debug: Inspect cce:/internal/x/prerequisite-imports
debug: Resolve file:///Users/apple/Develop/cocos-creator/NewProject/assets/TestButton.ts from cce:/internal/x/prerequisite-imports as file:///Users/apple/Develop/cocos-creator/NewProject/assets/TestButton.ts.
debug: Target(preview) ends with cost 170.11118699610233ms.
debug: Dispatch build request for time accumulated 1 asset changes.
debug: Build iteration starts.
Number of accumulated asset changes: 1
Feature changed: false
debug: Target(editor) build started.
debug: Detected change: cce:/internal/x/prerequisite-imports. Last mtime: Thu Jan 01 1970 08:01:14 GMT+0800 (中国标准时间), Current mtime: Thu Jan 01 1970 08:08:19 GMT+0800 (中国标准时间)
debug: Inspect cce:/internal/x/prerequisite-imports
debug: Resolve file:///Users/apple/Develop/cocos-creator/NewProject/assets/TestButton.ts from cce:/internal/x/prerequisite-imports as file:///Users/apple/Develop/cocos-creator/NewProject/assets/TestButton.ts.
debug: Detected change: file:///Users/apple/Develop/cocos-creator/NewProject/assets/TestButton.ts. Last mtime: Sun Oct 03 2021 16:15:32 GMT+0800 (中国标准时间), Current mtime: Wed Oct 06 2021 11:36:18 GMT+0800 (中国标准时间)
debug: Inspect file:///Users/apple/Develop/cocos-creator/NewProject/assets/TestButton.ts
debug: Resolve cc from file:///Users/apple/Develop/cocos-creator/NewProject/assets/TestButton.ts as cce:/internal/x/cc.
debug: Resolve cc from file:///Users/apple/Develop/cocos-creator/NewProject/assets/TestButton.ts as cce:/internal/x/cc.
debug: Target(editor) ends with cost 516.0897540003061ms.
debug: Target(preview) build started.
debug: Detected change: cce:/internal/x/prerequisite-imports. Last mtime: Thu Jan 01 1970 08:01:14 GMT+0800 (中国标准时间), Current mtime: Thu Jan 01 1970 08:08:19 GMT+0800 (中国标准时间)
debug: Inspect cce:/internal/x/prerequisite-imports
debug: Resolve file:///Users/apple/Develop/cocos-creator/NewProject/assets/TestButton.ts from cce:/internal/x/prerequisite-imports as file:///Users/apple/Develop/cocos-creator/NewProject/assets/TestButton.ts.
debug: Detected change: file:///Users/apple/Develop/cocos-creator/NewProject/assets/TestButton.ts. Last mtime: Sun Oct 03 2021 16:15:32 GMT+0800 (中国标准时间), Current mtime: Wed Oct 06 2021 11:36:18 GMT+0800 (中国标准时间)
debug: Inspect file:///Users/apple/Develop/cocos-creator/NewProject/assets/TestButton.ts
debug: Resolve cc from file:///Users/apple/Develop/cocos-creator/NewProject/assets/TestButton.ts as cce:/internal/x/cc.
debug: Resolve cc from file:///Users/apple/Develop/cocos-creator/NewProject/assets/TestButton.ts as cce:/internal/x/cc.
debug: Target(preview) ends with cost 359.1107880026102ms.
debug: Dispatch build request for time accumulated 1 asset changes.
debug: Build iteration starts.
Number of accumulated asset changes: 1
Feature changed: false
debug: Target(editor) build started.
debug: Detected change: cce:/internal/x/prerequisite-imports. Last mtime: Thu Jan 01 1970 08:08:19 GMT+0800 (中国标准时间), Current mtime: Thu Jan 01 1970 08:08:50 GMT+0800 (中国标准时间)
debug: Inspect cce:/internal/x/prerequisite-imports
debug: Resolve file:///Users/apple/Develop/cocos-creator/NewProject/assets/TestButton.ts from cce:/internal/x/prerequisite-imports as file:///Users/apple/Develop/cocos-creator/NewProject/assets/TestButton.ts.
debug: Detected change: file:///Users/apple/Develop/cocos-creator/NewProject/assets/TestButton.ts. Last mtime: Wed Oct 06 2021 11:36:18 GMT+0800 (中国标准时间), Current mtime: Wed Oct 06 2021 11:36:48 GMT+0800 (中国标准时间)
debug: Inspect file:///Users/apple/Develop/cocos-creator/NewProject/assets/TestButton.ts
debug: Resolve cc from file:///Users/apple/Develop/cocos-creator/NewProject/assets/TestButton.ts as cce:/internal/x/cc.
debug: Resolve cc from file:///Users/apple/Develop/cocos-creator/NewProject/assets/TestButton.ts as cce:/internal/x/cc.
debug: Target(editor) ends with cost 90.45747698843479ms.
debug: Target(preview) build started.
debug: Detected change: cce:/internal/x/prerequisite-imports. Last mtime: Thu Jan 01 1970 08:08:19 GMT+0800 (中国标准时间), Current mtime: Thu Jan 01 1970 08:08:50 GMT+0800 (中国标准时间)
debug: Inspect cce:/internal/x/prerequisite-imports
debug: Resolve file:///Users/apple/Develop/cocos-creator/NewProject/assets/TestButton.ts from cce:/internal/x/prerequisite-imports as file:///Users/apple/Develop/cocos-creator/NewProject/assets/TestButton.ts.
debug: Detected change: file:///Users/apple/Develop/cocos-creator/NewProject/assets/TestButton.ts. Last mtime: Wed Oct 06 2021 11:36:18 GMT+0800 (中国标准时间), Current mtime: Wed Oct 06 2021 11:36:48 GMT+0800 (中国标准时间)
debug: Inspect file:///Users/apple/Develop/cocos-creator/NewProject/assets/TestButton.ts
debug: Resolve cc from file:///Users/apple/Develop/cocos-creator/NewProject/assets/TestButton.ts as cce:/internal/x/cc.
debug: Resolve cc from file:///Users/apple/Develop/cocos-creator/NewProject/assets/TestButton.ts as cce:/internal/x/cc.
debug: Target(preview) ends with cost 272.81471098959446ms.
debug: Dispatch build request for time accumulated 1 asset changes.
debug: Build iteration starts.
Number of accumulated asset changes: 1
Feature changed: false
debug: Target(editor) build started.
debug: Detected change: cce:/internal/x/prerequisite-imports. Last mtime: Thu Jan 01 1970 08:08:50 GMT+0800 (中国标准时间), Current mtime: Thu Jan 01 1970 08:10:37 GMT+0800 (中国标准时间)
debug: Inspect cce:/internal/x/prerequisite-imports
debug: Resolve file:///Users/apple/Develop/cocos-creator/NewProject/assets/TestButton.ts from cce:/internal/x/prerequisite-imports as file:///Users/apple/Develop/cocos-creator/NewProject/assets/TestButton.ts.
debug: Detected change: file:///Users/apple/Develop/cocos-creator/NewProject/assets/TestButton.ts. Last mtime: Wed Oct 06 2021 11:36:48 GMT+0800 (中国标准时间), Current mtime: Wed Oct 06 2021 11:38:35 GMT+0800 (中国标准时间)
debug: Inspect file:///Users/apple/Develop/cocos-creator/NewProject/assets/TestButton.ts
debug: Resolve cc from file:///Users/apple/Develop/cocos-creator/NewProject/assets/TestButton.ts as cce:/internal/x/cc.
debug: Resolve cc from file:///Users/apple/Develop/cocos-creator/NewProject/assets/TestButton.ts as cce:/internal/x/cc.
debug: Target(editor) ends with cost 174.36408200860023ms.
debug: Target(preview) build started.
debug: Detected change: cce:/internal/x/prerequisite-imports. Last mtime: Thu Jan 01 1970 08:08:50 GMT+0800 (中国标准时间), Current mtime: Thu Jan 01 1970 08:10:37 GMT+0800 (中国标准时间)
debug: Inspect cce:/internal/x/prerequisite-imports
debug: Resolve file:///Users/apple/Develop/cocos-creator/NewProject/assets/TestButton.ts from cce:/internal/x/prerequisite-imports as file:///Users/apple/Develop/cocos-creator/NewProject/assets/TestButton.ts.
debug: Detected change: file:///Users/apple/Develop/cocos-creator/NewProject/assets/TestButton.ts. Last mtime: Wed Oct 06 2021 11:36:48 GMT+0800 (中国标准时间), Current mtime: Wed Oct 06 2021 11:38:35 GMT+0800 (中国标准时间)
debug: Inspect file:///Users/apple/Develop/cocos-creator/NewProject/assets/TestButton.ts
debug: Resolve cc from file:///Users/apple/Develop/cocos-creator/NewProject/assets/TestButton.ts as cce:/internal/x/cc.
debug: Resolve cc from file:///Users/apple/Develop/cocos-creator/NewProject/assets/TestButton.ts as cce:/internal/x/cc.
debug: Target(preview) ends with cost 464.1978610008955ms.
debug: Dispatch build request for time accumulated 1 asset changes.
debug: Build iteration starts.
Number of accumulated asset changes: 1
Feature changed: false
debug: Target(editor) build started.
debug: Detected change: cce:/internal/x/prerequisite-imports. Last mtime: Thu Jan 01 1970 08:10:37 GMT+0800 (中国标准时间), Current mtime: Thu Jan 01 1970 08:15:49 GMT+0800 (中国标准时间)
debug: Inspect cce:/internal/x/prerequisite-imports
debug: Resolve file:///Users/apple/Develop/cocos-creator/NewProject/assets/TestButton.ts from cce:/internal/x/prerequisite-imports as file:///Users/apple/Develop/cocos-creator/NewProject/assets/TestButton.ts.
debug: Detected change: file:///Users/apple/Develop/cocos-creator/NewProject/assets/TestButton.ts. Last mtime: Wed Oct 06 2021 11:38:35 GMT+0800 (中国标准时间), Current mtime: Wed Oct 06 2021 11:43:48 GMT+0800 (中国标准时间)
debug: Inspect file:///Users/apple/Develop/cocos-creator/NewProject/assets/TestButton.ts
debug: Resolve cc from file:///Users/apple/Develop/cocos-creator/NewProject/assets/TestButton.ts as cce:/internal/x/cc.
debug: Resolve cc from file:///Users/apple/Develop/cocos-creator/NewProject/assets/TestButton.ts as cce:/internal/x/cc.
debug: Target(editor) ends with cost 249.63927701115608ms.
debug: Target(preview) build started.
debug: Detected change: cce:/internal/x/prerequisite-imports. Last mtime: Thu Jan 01 1970 08:10:37 GMT+0800 (中国标准时间), Current mtime: Thu Jan 01 1970 08:15:49 GMT+0800 (中国标准时间)
debug: Inspect cce:/internal/x/prerequisite-imports
debug: Resolve file:///Users/apple/Develop/cocos-creator/NewProject/assets/TestButton.ts from cce:/internal/x/prerequisite-imports as file:///Users/apple/Develop/cocos-creator/NewProject/assets/TestButton.ts.
debug: Detected change: file:///Users/apple/Develop/cocos-creator/NewProject/assets/TestButton.ts. Last mtime: Wed Oct 06 2021 11:38:35 GMT+0800 (中国标准时间), Current mtime: Wed Oct 06 2021 11:43:48 GMT+0800 (中国标准时间)
debug: Inspect file:///Users/apple/Develop/cocos-creator/NewProject/assets/TestButton.ts
debug: Resolve cc from file:///Users/apple/Develop/cocos-creator/NewProject/assets/TestButton.ts as cce:/internal/x/cc.
debug: Resolve cc from file:///Users/apple/Develop/cocos-creator/NewProject/assets/TestButton.ts as cce:/internal/x/cc.
debug: Target(preview) ends with cost 344.8890729993582ms.
debug: Dispatch build request for time accumulated 1 asset changes.
debug: Build iteration starts.
Number of accumulated asset changes: 1
Feature changed: false
debug: Target(editor) build started.
debug: Detected change: cce:/internal/x/prerequisite-imports. Last mtime: Thu Jan 01 1970 08:15:49 GMT+0800 (中国标准时间), Current mtime: Thu Jan 01 1970 08:55:54 GMT+0800 (中国标准时间)
debug: Inspect cce:/internal/x/prerequisite-imports
debug: Resolve file:///Users/apple/Develop/cocos-creator/NewProject/assets/TestButton.ts from cce:/internal/x/prerequisite-imports as file:///Users/apple/Develop/cocos-creator/NewProject/assets/TestButton.ts.
debug: Detected change: file:///Users/apple/Develop/cocos-creator/NewProject/assets/TestButton.ts. Last mtime: Wed Oct 06 2021 11:43:48 GMT+0800 (中国标准时间), Current mtime: Wed Oct 06 2021 12:23:52 GMT+0800 (中国标准时间)
debug: Inspect file:///Users/apple/Develop/cocos-creator/NewProject/assets/TestButton.ts
debug: Resolve cc from file:///Users/apple/Develop/cocos-creator/NewProject/assets/TestButton.ts as cce:/internal/x/cc.
debug: Resolve cc from file:///Users/apple/Develop/cocos-creator/NewProject/assets/TestButton.ts as cce:/internal/x/cc.
debug: Target(editor) ends with cost 237.38459999859333ms.
debug: Target(preview) build started.
debug: Detected change: cce:/internal/x/prerequisite-imports. Last mtime: Thu Jan 01 1970 08:15:49 GMT+0800 (中国标准时间), Current mtime: Thu Jan 01 1970 08:55:54 GMT+0800 (中国标准时间)
debug: Inspect cce:/internal/x/prerequisite-imports
debug: Resolve file:///Users/apple/Develop/cocos-creator/NewProject/assets/TestButton.ts from cce:/internal/x/prerequisite-imports as file:///Users/apple/Develop/cocos-creator/NewProject/assets/TestButton.ts.
debug: Detected change: file:///Users/apple/Develop/cocos-creator/NewProject/assets/TestButton.ts. Last mtime: Wed Oct 06 2021 11:43:48 GMT+0800 (中国标准时间), Current mtime: Wed Oct 06 2021 12:23:52 GMT+0800 (中国标准时间)
debug: Inspect file:///Users/apple/Develop/cocos-creator/NewProject/assets/TestButton.ts
debug: Resolve cc from file:///Users/apple/Develop/cocos-creator/NewProject/assets/TestButton.ts as cce:/internal/x/cc.
debug: Resolve cc from file:///Users/apple/Develop/cocos-creator/NewProject/assets/TestButton.ts as cce:/internal/x/cc.
debug: Target(preview) ends with cost 276.39863000810146ms.
debug: Dispatch build request for time accumulated 1 asset changes.
debug: Build iteration starts.
Number of accumulated asset changes: 1
Feature changed: false
debug: Target(editor) build started.
debug: Detected change: cce:/internal/x/prerequisite-imports. Last mtime: Thu Jan 01 1970 08:55:54 GMT+0800 (中国标准时间), Current mtime: Thu Jan 01 1970 08:56:46 GMT+0800 (中国标准时间)
debug: Inspect cce:/internal/x/prerequisite-imports
debug: Resolve file:///Users/apple/Develop/cocos-creator/NewProject/assets/TestButton.ts from cce:/internal/x/prerequisite-imports as file:///Users/apple/Develop/cocos-creator/NewProject/assets/TestButton.ts.
debug: Detected change: file:///Users/apple/Develop/cocos-creator/NewProject/assets/TestButton.ts. Last mtime: Wed Oct 06 2021 12:23:52 GMT+0800 (中国标准时间), Current mtime: Wed Oct 06 2021 12:24:44 GMT+0800 (中国标准时间)
debug: Inspect file:///Users/apple/Develop/cocos-creator/NewProject/assets/TestButton.ts
debug: Resolve cc from file:///Users/apple/Develop/cocos-creator/NewProject/assets/TestButton.ts as cce:/internal/x/cc.
debug: Resolve cc from file:///Users/apple/Develop/cocos-creator/NewProject/assets/TestButton.ts as cce:/internal/x/cc.
debug: Target(editor) ends with cost 145.56578400731087ms.
debug: Target(preview) build started.
debug: Detected change: cce:/internal/x/prerequisite-imports. Last mtime: Thu Jan 01 1970 08:55:54 GMT+0800 (中国标准时间), Current mtime: Thu Jan 01 1970 08:56:46 GMT+0800 (中国标准时间)
debug: Inspect cce:/internal/x/prerequisite-imports
debug: Resolve file:///Users/apple/Develop/cocos-creator/NewProject/assets/TestButton.ts from cce:/internal/x/prerequisite-imports as file:///Users/apple/Develop/cocos-creator/NewProject/assets/TestButton.ts.
debug: Detected change: file:///Users/apple/Develop/cocos-creator/NewProject/assets/TestButton.ts. Last mtime: Wed Oct 06 2021 12:23:52 GMT+0800 (中国标准时间), Current mtime: Wed Oct 06 2021 12:24:44 GMT+0800 (中国标准时间)
debug: Inspect file:///Users/apple/Develop/cocos-creator/NewProject/assets/TestButton.ts
debug: Resolve cc from file:///Users/apple/Develop/cocos-creator/NewProject/assets/TestButton.ts as cce:/internal/x/cc.
debug: Resolve cc from file:///Users/apple/Develop/cocos-creator/NewProject/assets/TestButton.ts as cce:/internal/x/cc.
debug: Target(preview) ends with cost 445.4418710023165ms.
debug: Dispatch build request for time accumulated 1 asset changes.
debug: Build iteration starts.
Number of accumulated asset changes: 1
Feature changed: false
debug: Target(editor) build started.
debug: Detected change: cce:/internal/x/prerequisite-imports. Last mtime: Thu Jan 01 1970 08:56:46 GMT+0800 (中国标准时间), Current mtime: Thu Jan 01 1970 09:05:21 GMT+0800 (中国标准时间)
debug: Inspect cce:/internal/x/prerequisite-imports
debug: Resolve file:///Users/apple/Develop/cocos-creator/NewProject/assets/TestButton.ts from cce:/internal/x/prerequisite-imports as file:///Users/apple/Develop/cocos-creator/NewProject/assets/TestButton.ts.
debug: Detected change: file:///Users/apple/Develop/cocos-creator/NewProject/assets/TestButton.ts. Last mtime: Wed Oct 06 2021 12:24:44 GMT+0800 (中国标准时间), Current mtime: Wed Oct 06 2021 12:33:14 GMT+0800 (中国标准时间)
debug: Inspect file:///Users/apple/Develop/cocos-creator/NewProject/assets/TestButton.ts
debug: Resolve cc from file:///Users/apple/Develop/cocos-creator/NewProject/assets/TestButton.ts as cce:/internal/x/cc.
debug: Resolve cc from file:///Users/apple/Develop/cocos-creator/NewProject/assets/TestButton.ts as cce:/internal/x/cc.
debug: Target(editor) ends with cost 286.85653099417686ms.
debug: Target(preview) build started.
debug: Detected change: cce:/internal/x/prerequisite-imports. Last mtime: Thu Jan 01 1970 08:56:46 GMT+0800 (中国标准时间), Current mtime: Thu Jan 01 1970 09:05:21 GMT+0800 (中国标准时间)
debug: Inspect cce:/internal/x/prerequisite-imports
debug: Resolve file:///Users/apple/Develop/cocos-creator/NewProject/assets/TestButton.ts from cce:/internal/x/prerequisite-imports as file:///Users/apple/Develop/cocos-creator/NewProject/assets/TestButton.ts.
debug: Detected change: file:///Users/apple/Develop/cocos-creator/NewProject/assets/TestButton.ts. Last mtime: Wed Oct 06 2021 12:24:44 GMT+0800 (中国标准时间), Current mtime: Wed Oct 06 2021 12:33:14 GMT+0800 (中国标准时间)
debug: Inspect file:///Users/apple/Develop/cocos-creator/NewProject/assets/TestButton.ts
debug: Resolve cc from file:///Users/apple/Develop/cocos-creator/NewProject/assets/TestButton.ts as cce:/internal/x/cc.
debug: Resolve cc from file:///Users/apple/Develop/cocos-creator/NewProject/assets/TestButton.ts as cce:/internal/x/cc.
debug: Target(preview) ends with cost 472.1450849920511ms.
debug: Dispatch build request for time accumulated 1 asset changes.
debug: Build iteration starts.
Number of accumulated asset changes: 1
Feature changed: false
debug: Target(editor) build started.
debug: Detected change: cce:/internal/x/prerequisite-imports. Last mtime: Thu Jan 01 1970 09:05:21 GMT+0800 (中国标准时间), Current mtime: Thu Jan 01 1970 10:24:38 GMT+0800 (中国标准时间)
debug: Inspect cce:/internal/x/prerequisite-imports
debug: Resolve file:///Users/apple/Develop/cocos-creator/NewProject/assets/TestButton.ts from cce:/internal/x/prerequisite-imports as file:///Users/apple/Develop/cocos-creator/NewProject/assets/TestButton.ts.
debug: Detected change: file:///Users/apple/Develop/cocos-creator/NewProject/assets/TestButton.ts. Last mtime: Wed Oct 06 2021 12:33:14 GMT+0800 (中国标准时间), Current mtime: Wed Oct 06 2021 13:52:38 GMT+0800 (中国标准时间)
debug: Inspect file:///Users/apple/Develop/cocos-creator/NewProject/assets/TestButton.ts
debug: Resolve cc from file:///Users/apple/Develop/cocos-creator/NewProject/assets/TestButton.ts as cce:/internal/x/cc.
debug: Resolve cc from file:///Users/apple/Develop/cocos-creator/NewProject/assets/TestButton.ts as cce:/internal/x/cc.
debug: Target(editor) ends with cost 157.52132101356983ms.
debug: Target(preview) build started.
debug: Detected change: cce:/internal/x/prerequisite-imports. Last mtime: Thu Jan 01 1970 09:05:21 GMT+0800 (中国标准时间), Current mtime: Thu Jan 01 1970 10:24:38 GMT+0800 (中国标准时间)
debug: Inspect cce:/internal/x/prerequisite-imports
debug: Resolve file:///Users/apple/Develop/cocos-creator/NewProject/assets/TestButton.ts from cce:/internal/x/prerequisite-imports as file:///Users/apple/Develop/cocos-creator/NewProject/assets/TestButton.ts.
debug: Detected change: file:///Users/apple/Develop/cocos-creator/NewProject/assets/TestButton.ts. Last mtime: Wed Oct 06 2021 12:33:14 GMT+0800 (中国标准时间), Current mtime: Wed Oct 06 2021 13:52:38 GMT+0800 (中国标准时间)
debug: Inspect file:///Users/apple/Develop/cocos-creator/NewProject/assets/TestButton.ts
debug: Resolve cc from file:///Users/apple/Develop/cocos-creator/NewProject/assets/TestButton.ts as cce:/internal/x/cc.
debug: Resolve cc from file:///Users/apple/Develop/cocos-creator/NewProject/assets/TestButton.ts as cce:/internal/x/cc.
debug: Target(preview) ends with cost 412.0740419924259ms.
